[2026-04-08] 18:00:55:890 HttpRequest: 31 [INFO] - Performed GET public/v2/users
[2026-04-08] 18:00:58:117 HttpRequest: 69 [WARN] - Response is: 
[2026-04-08] 18:00:58:140 HttpRequest: 70 [WARN] - [
    {
        "id": 8428394,
        "name": "Brianne Berge",
        "email": "wilford.kshlerin@yahoo.com",
        "gender": "female",
        "status": "active"
    },
    {
        "id": 8428393,
        "name": "Britt Murphy",
        "email": "mitchell.pacocha@yahoo.com",
        "gender": "female",
        "status": "active"
    },
    {
        "id": 8427373,
        "name": "Augustina Rohan",
        "email": "claretha.blick@yahoo.com",
        "gender": "female",
        "status": "active"
    },
    {
        "id": 8427116,
        "name": "Bobbie Goyette",
        "email": "armand.leffler@gmail.com",
        "gender": "female",
        "status": "active"
    },
    {
        "id": 8427115,
        "name": "Brooke Morissette",
        "email": "bernardo.hackett@yahoo.com",
        "gender": "female",
        "status": "active"
    },
    {
        "id": 8426886,
        "name": "Hung Rau",
        "email": "eric.veum@gmail.com",
        "gender": "female",
        "status": "active"
    },
    {
        "id": 8426883,
        "name": "Olin Fay",
        "email": "tyrone.buckridge@gmail.com",
        "gender": "female",
        "status": "active"
    },
    {
        "id": 8426628,
        "name": "Kristine Bergnaum",
        "email": "siobhan.lind@hotmail.com",
        "gender": "female",
        "status": "active"
    },
    {
        "id": 8426626,
        "name": "Cleo Roob",
        "email": "tomas.ferry@hotmail.com",
        "gender": "female",
        "status": "active"
    },
    {
        "id": 8426587,
        "name": "Margene Wolf",
        "email": "thaddeus.will@yahoo.com",
        "gender": "female",
        "status": "active"
    }
]
[2026-04-08] 18:00:58:143 HttpRequest: 71 [WARN] - Status code is: 200
[2026-04-08] 18:00:58:203 CsvUtils: 57 [INFO] - CSV file successfully created: src/test/resources/users_data.csv | rows: 10
[2026-04-08] 18:01:08:713 CsvUtils: 89 [INFO] - CSV file successfully read: src/test/resources/users_data.csv | rows: 10
[2026-04-08] 18:11:08:572 CsvUtils: 89 [INFO] - CSV file successfully read: src/test/resources/users_data.csv | rows: 10
[2026-04-08] 18:13:33:073 CsvUtils: 89 [INFO] - CSV file successfully read: src/test/resources/users_data.csv | rows: 10
[2026-04-08] 18:14:12:065 CsvUtils: 89 [INFO] - CSV file successfully read: src/test/resources/users_data.csv | rows: 10
[2026-04-08] 18:14:12:070 EndToEndTest: 129 [INFO] - All users: [User(id=8428394, name=Brianne Berge, email=wilford.kshlerin@yahoo.com, gender=female, status=active), User(id=8428393, name=Britt Murphy, email=mitchell.pacocha@yahoo.com, gender=female, status=active), User(id=8427373, name=Augustina Rohan, email=claretha.blick@yahoo.com, gender=female, status=active), User(id=8427116, name=Bobbie Goyette, email=armand.leffler@gmail.com, gender=female, status=active), User(id=8427115, name=Brooke Morissette, email=bernardo.hackett@yahoo.com, gender=female, status=active), User(id=8426886, name=Hung Rau, email=eric.veum@gmail.com, gender=female, status=active), User(id=8426883, name=Olin Fay, email=tyrone.buckridge@gmail.com, gender=female, status=active), User(id=8426628, name=Kristine Bergnaum, email=siobhan.lind@hotmail.com, gender=female, status=active), User(id=8426626, name=Cleo Roob, email=tomas.ferry@hotmail.com, gender=female, status=active), User(id=8426587, name=Margene Wolf, email=thaddeus.will@yahoo.com, gender=female, status=active)]
[2026-04-08] 18:14:12:070 EndToEndTest: 130 [INFO] - All ids: [8428394, 8428393, 8427373, 8427116, 8427115, 8426886, 8426883, 8426628, 8426626, 8426587]
[2026-04-08] 18:14:12:070 EndToEndTest: 131 [INFO] - All emails: [wilford.kshlerin@yahoo.com, mitchell.pacocha@yahoo.com, claretha.blick@yahoo.com, armand.leffler@gmail.com, bernardo.hackett@yahoo.com, eric.veum@gmail.com, tyrone.buckridge@gmail.com, siobhan.lind@hotmail.com, tomas.ferry@hotmail.com, thaddeus.will@yahoo.com]
[2026-04-08] 18:14:12:070 EndToEndTest: 132 [INFO] - Random user picked: User(id=8427115, name=Brooke Morissette, email=bernardo.hackett@yahoo.com, gender=female, status=active)
[2026-04-08] 18:15:18:647 CsvUtils: 89 [INFO] - CSV file successfully read: src/test/resources/users_data.csv | rows: 10
[2026-04-08] 18:15:18:650 EndToEndTest: 126 [INFO] - All users: [User(id=8428394, name=Brianne Berge, email=wilford.kshlerin@yahoo.com, gender=female, status=active), User(id=8428393, name=Britt Murphy, email=mitchell.pacocha@yahoo.com, gender=female, status=active), User(id=8427373, name=Augustina Rohan, email=claretha.blick@yahoo.com, gender=female, status=active), User(id=8427116, name=Bobbie Goyette, email=armand.leffler@gmail.com, gender=female, status=active), User(id=8427115, name=Brooke Morissette, email=bernardo.hackett@yahoo.com, gender=female, status=active), User(id=8426886, name=Hung Rau, email=eric.veum@gmail.com, gender=female, status=active), User(id=8426883, name=Olin Fay, email=tyrone.buckridge@gmail.com, gender=female, status=active), User(id=8426628, name=Kristine Bergnaum, email=siobhan.lind@hotmail.com, gender=female, status=active), User(id=8426626, name=Cleo Roob, email=tomas.ferry@hotmail.com, gender=female, status=active), User(id=8426587, name=Margene Wolf, email=thaddeus.will@yahoo.com, gender=female, status=active)]
[2026-04-08] 18:15:18:650 EndToEndTest: 127 [INFO] - All ids: [8428394, 8428393, 8427373, 8427116, 8427115, 8426886, 8426883, 8426628, 8426626, 8426587]
[2026-04-08] 18:15:18:650 EndToEndTest: 128 [INFO] - All emails: [wilford.kshlerin@yahoo.com, mitchell.pacocha@yahoo.com, claretha.blick@yahoo.com, armand.leffler@gmail.com, bernardo.hackett@yahoo.com, eric.veum@gmail.com, tyrone.buckridge@gmail.com, siobhan.lind@hotmail.com, tomas.ferry@hotmail.com, thaddeus.will@yahoo.com]
[2026-04-08] 18:15:18:651 EndToEndTest: 129 [INFO] - Random user picked: User(id=8426886, name=Hung Rau, email=eric.veum@gmail.com, gender=female, status=active)
[2026-04-08] 18:15:31:006 CsvUtils: 89 [INFO] - CSV file successfully read: src/test/resources/users_data.csv | rows: 10
[2026-04-08] 18:15:31:007 CsvUtils: 130 [INFO] - Random row selected: {id=8428394, name=Brianne Berge, email=wilford.kshlerin@yahoo.com, gender=female, status=active}
[2026-04-08] 18:15:31:007 CsvUtils: 89 [INFO] - CSV file successfully read: src/test/resources/users_data.csv | rows: 10
[2026-04-08] 18:15:31:007 CsvUtils: 108 [INFO] - Column 'id' extracted | values: [8428394, 8428393, 8427373, 8427116, 8427115, 8426886, 8426883, 8426628, 8426626, 8426587]
[2026-04-08] 18:15:31:007 CsvUtils: 119 [INFO] - Random value from column 'id': 8428394
[2026-04-08] 18:15:31:007 HttpRequest: 31 [INFO] - Performed GET public/v2/users/8428394
[2026-04-08] 18:15:32:945 HttpRequest: 69 [WARN] - Response is: 
[2026-04-08] 18:15:32:967 HttpRequest: 70 [WARN] - {
    "id": 8428394,
    "name": "Brianne Berge",
    "email": "wilford.kshlerin@yahoo.com",
    "gender": "female",
    "status": "active"
}
[2026-04-08] 18:15:32:967 HttpRequest: 71 [WARN] - Status code is: 200
[2026-04-08] 18:19:04:928 CsvUtils: 89 [INFO] - CSV file successfully read: src/test/resources/users_data.csv | rows: 10
[2026-04-08] 18:19:04:930 CsvUtils: 130 [INFO] - Random row selected: {id=8426886, name=Hung Rau, email=eric.veum@gmail.com, gender=female, status=active}
[2026-04-08] 18:19:04:931 CsvUtils: 89 [INFO] - CSV file successfully read: src/test/resources/users_data.csv | rows: 10
[2026-04-08] 18:19:04:931 CsvUtils: 108 [INFO] - Column 'id' extracted | values: [8428394, 8428393, 8427373, 8427116, 8427115, 8426886, 8426883, 8426628, 8426626, 8426587]
[2026-04-08] 18:19:04:931 CsvUtils: 119 [INFO] - Random value from column 'id': 8427116
[2026-04-08] 18:19:04:931 HttpRequest: 31 [INFO] - Performed GET public/v2/users/8427116
[2026-04-08] 18:19:07:000 HttpRequest: 69 [WARN] - Response is: 
[2026-04-08] 18:19:07:019 HttpRequest: 70 [WARN] - {
    "id": 8427116,
    "name": "Bobbie Goyette",
    "email": "armand.leffler@gmail.com",
    "gender": "female",
    "status": "active"
}
[2026-04-08] 18:19:07:020 HttpRequest: 71 [WARN] - Status code is: 200
[2026-04-08] 18:28:28:983 CsvUtils: 87 [INFO] - CSV file successfully read: src/test/resources/users_data.csv | rows: 10
[2026-04-08] 18:28:28:984 CsvUtils: 128 [INFO] - Random row selected: {id=8426587, name=Margene Wolf, email=thaddeus.will@yahoo.com, gender=female, status=active}
[2026-04-08] 18:28:28:984 CsvUtils: 87 [INFO] - CSV file successfully read: src/test/resources/users_data.csv | rows: 10
[2026-04-08] 18:28:28:984 CsvUtils: 106 [INFO] - Column 'id' extracted | values: [8428394, 8428393, 8427373, 8427116, 8427115, 8426886, 8426883, 8426628, 8426626, 8426587]
[2026-04-08] 18:28:28:984 CsvUtils: 117 [INFO] - Random value from column 'id': 8428393
[2026-04-08] 18:28:28:985 HttpRequest: 31 [INFO] - Performed GET public/v2/users/8428393
[2026-04-08] 18:28:31:300 HttpRequest: 69 [WARN] - Response is: 
[2026-04-08] 18:28:31:324 HttpRequest: 70 [WARN] - {
    "id": 8428393,
    "name": "Britt Murphy",
    "email": "mitchell.pacocha@yahoo.com",
    "gender": "female",
    "status": "active"
}
[2026-04-08] 18:28:31:325 HttpRequest: 71 [WARN] - Status code is: 200
[2026-04-08] 18:31:53:690 CsvUtils: 87 [INFO] - CSV file successfully read: src/test/resources/users_data.csv | rows: 10
[2026-04-08] 18:31:53:691 CsvUtils: 128 [INFO] - Random row selected: {id=8426883, name=Olin Fay, email=tyrone.buckridge@gmail.com, gender=female, status=active}
[2026-04-08] 18:31:53:691 CsvUtils: 87 [INFO] - CSV file successfully read: src/test/resources/users_data.csv | rows: 10
[2026-04-08] 18:31:53:691 CsvUtils: 106 [INFO] - Column 'id' extracted | values: [8428394, 8428393, 8427373, 8427116, 8427115, 8426886, 8426883, 8426628, 8426626, 8426587]
[2026-04-08] 18:31:53:691 CsvUtils: 117 [INFO] - Random value from column 'id': 8428394
[2026-04-08] 18:31:53:691 HttpRequest: 31 [INFO] - Performed GET public/v2/users/8428394
[2026-04-08] 18:31:55:562 HttpRequest: 69 [WARN] - Response is: 
[2026-04-08] 18:31:55:582 HttpRequest: 70 [WARN] - {
    "id": 8428394,
    "name": "Brianne Berge",
    "email": "wilford.kshlerin@yahoo.com",
    "gender": "female",
    "status": "active"
}
[2026-04-08] 18:31:55:583 HttpRequest: 71 [WARN] - Status code is: 200
